<?xml version="1.0" encoding="UTF-8"?>
<!-- Generated by org.testng.reporters.JUnitReportReporter -->
<testsuite hostname="LAPTOP-8SEKENFG" failures="0" tests="1" name="org.Dream11.DevaSevaAppTestCase1" time="34.953" errors="0" timestamp="2022-09-08T17:32:47 IST" skipped="0">
  <testcase classname="org.Dream11.DevaSevaAppTestCase1" name="TestCase1" time="34.953"/>
  <system-out/>
</testsuite> <!-- org.Dream11.DevaSevaAppTestCase1 -->
