<?xml version="1.0" encoding="UTF-8"?>
<!-- Generated by org.testng.reporters.JUnitReportReporter -->
<testsuite hostname="LAPTOP-8SEKENFG" failures="0" tests="1" name="org.devaseva.DevaSevaAppTestCase2" time="27.881" errors="0" timestamp="2022-09-09T16:46:45 IST" skipped="0">
  <testcase classname="org.devaseva.DevaSevaAppTestCase2" name="TestCase1" time="27.881"/>
  <system-out/>
</testsuite> <!-- org.devaseva.DevaSevaAppTestCase2 -->
