<?xml version="1.0" encoding="UTF-8"?>
<!-- Generated by org.testng.reporters.JUnitReportReporter -->
<testsuite hostname="LAPTOP-8SEKENFG" failures="0" tests="1" name="org.devaseva.DevaSevaAppTestCase1" time="37.040" errors="0" timestamp="2022-09-09T16:45:24 IST" skipped="0">
  <testcase classname="org.devaseva.DevaSevaAppTestCase1" name="TestCase1" time="37.040"/>
  <system-out/>
</testsuite> <!-- org.devaseva.DevaSevaAppTestCase1 -->
